c:\users\mmz\documents\visual studio 2013\projects\phrase1\136\136\debug\vc120.pdb
c:\users\mmz\documents\visual studio 2013\projects\phrase1\136\136\debug\vc120.idb
c:\users\mmz\documents\visual studio 2013\projects\phrase1\136\136\debug\136.obj
c:\users\mmz\documents\visual studio 2013\projects\phrase1\136\136\debug\stdafx.obj
c:\users\mmz\documents\visual studio 2013\projects\phrase1\136\136\debug\max.obj
c:\users\mmz\documents\visual studio 2013\projects\phrase1\136\136\debug\many-sums.obj
c:\users\mmz\documents\visual studio 2013\projects\phrase1\136\136\debug\closest.obj
c:\users\mmz\documents\visual studio 2013\projects\phrase1\136\136\debug\sum.obj
c:\users\mmz\documents\visual studio 2013\projects\phrase1\136\136\debug\running-sum.obj
c:\users\mmz\documents\visual studio 2013\projects\phrase1\136\136\debug\last-digit.obj
c:\users\mmz\documents\visual studio 2013\projects\phrase1\136\136\debug\telegram.obj
c:\users\mmz\documents\visual studio 2013\projects\phrase1\136\136\debug\replicate.obj
c:\users\mmz\documents\visual studio 2013\projects\phrase1\136\debug\136.ilk
c:\users\mmz\documents\visual studio 2013\projects\phrase1\136\debug\136.exe
c:\users\mmz\documents\visual studio 2013\projects\phrase1\136\debug\136.pdb
c:\users\mmz\documents\visual studio 2013\projects\phrase1\136\136\debug\136.tlog\cl.command.1.tlog
c:\users\mmz\documents\visual studio 2013\projects\phrase1\136\136\debug\136.tlog\cl.read.1.tlog
c:\users\mmz\documents\visual studio 2013\projects\phrase1\136\136\debug\136.tlog\cl.write.1.tlog
c:\users\mmz\documents\visual studio 2013\projects\phrase1\136\136\debug\136.tlog\link.command.1.tlog
c:\users\mmz\documents\visual studio 2013\projects\phrase1\136\136\debug\136.tlog\link.read.1.tlog
c:\users\mmz\documents\visual studio 2013\projects\phrase1\136\136\debug\136.tlog\link.write.1.tlog
